<?xml version="1.0" encoding="UTF-8"?>
<!-- Generated by org.testng.reporters.JUnitReportReporter -->
<testsuite hostname="6LNK5B3" failures="0" tests="3" name="Demo.Test4_Logins" time="0.000" errors="0" timestamp="2023-08-09T18:55:40 IST" skipped="0">
  <testcase classname="Demo.Test4_Logins" name="WebLoginHomeLoan" time="0.000"/>
  <system-out/>
  <testcase classname="Demo.Test4_Logins" name="LoginAPIHomeLoan" time="0.000"/>
  <system-out/>
  <testcase classname="Demo.Test4_Logins" name="MobileLoginHomeLoan" time="0.000"/>
  <system-out/>
</testsuite> <!-- Demo.Test4_Logins -->
